[23:21:50] [info] Enigma: | OpenGL Info |
		Manufacturer: Intel
		Renderer: Intel(R) HD Graphics 4600
		Version: 4.3.0 - Build 20.19.15.5126

[23:21:50] [trace] Enigma App: __cdecl AppDelegate::AppDelegate(const struct Enigma::WindowSettings &)
[23:21:50] [trace] Enigma App: void __cdecl MainMenuScene::OnCreate(void)
[23:21:52] [trace] Enigma App: MouseButtonPressedEvent: 0
[23:21:54] [trace] Enigma App: KeyPressedEvent: 341 (0 repeats)
[23:21:55] [trace] Enigma App: KeyPressedEvent: 341 (1 repeats)
[23:21:55] [trace] Enigma App: KeyPressedEvent: 341 (1 repeats)
[23:21:55] [trace] Enigma App: KeyPressedEvent: 341 (1 repeats)
[23:21:55] [trace] Enigma App: KeyPressedEvent: 341 (1 repeats)
[23:21:55] [trace] Enigma App: KeyPressedEvent: 341 (1 repeats)
[23:21:55] [trace] Enigma App: KeyPressedEvent: 341 (1 repeats)
[23:21:55] [trace] Enigma App: KeyPressedEvent: 341 (1 repeats)
[23:21:55] [trace] Enigma App: KeyPressedEvent: 341 (1 repeats)
[23:21:55] [trace] Enigma App: KeyPressedEvent: 341 (1 repeats)
[23:21:55] [trace] Enigma App: KeyPressedEvent: 341 (1 repeats)
[23:21:55] [trace] Enigma App: KeyPressedEvent: 341 (1 repeats)
[23:21:55] [trace] Enigma App: KeyPressedEvent: 341 (1 repeats)
[23:21:55] [trace] Enigma App: KeyPressedEvent: 341 (1 repeats)
[23:21:55] [trace] Enigma App: KeyPressedEvent: 283 (0 repeats)
[23:22:48] [trace] Enigma App: KeyPressedEvent: 256 (0 repeats)
[23:22:48] [trace] Enigma App: void __cdecl MainMenuScene::OnDestroy(void)
[23:22:48] [trace] Enigma App: __cdecl AppDelegate::~AppDelegate(void)
